[20/07/2026 21:50:31] Error creando snapshot: La carpeta no existe.
[20/07/2026 21:50:31] Función 'crear_snapshot' ejecutada correctamente (0.0006 segundos)
[20/07/2026 21:50:34] Error creando snapshot: La carpeta no existe.
[20/07/2026 21:50:34] Función 'crear_snapshot' ejecutada correctamente (0.0007 segundos)
[20/07/2026 21:50:34] ERROR en 'ejecutar_auditoria': name 'comparar_snapshots' is not defined
[22/07/2026 17:21:21] Error creando snapshot: La carpeta no existe.
[22/07/2026 17:21:21] Función 'crear_snapshot' ejecutada correctamente (0.0007 segundos)
[22/07/2026 17:21:51] Snapshot creado correctamente.
[22/07/2026 17:21:51] Función 'crear_snapshot' ejecutada correctamente (0.0011 segundos)
[22/07/2026 17:22:11] Snapshot creado correctamente.
[22/07/2026 17:22:11] Función 'crear_snapshot' ejecutada correctamente (0.0014 segundos)
[22/07/2026 17:22:11] ERROR en 'ejecutar_auditoria': name 'comparar_snapshots' is not defined
[22/07/2026 17:28:29] Snapshot creado correctamente.
[22/07/2026 17:28:29] Función 'crear_snapshot' ejecutada correctamente (0.0010 segundos)
[22/07/2026 17:28:30] Snapshot creado correctamente.
[22/07/2026 17:28:30] Función 'crear_snapshot' ejecutada correctamente (0.0010 segundos)
[22/07/2026 17:28:30] ERROR en 'ejecutar_auditoria': name 'comparar_snapshots' is not defined
[22/07/2026 17:31:36] Snapshot creado correctamente.
[22/07/2026 17:31:36] Función 'crear_snapshot' ejecutada correctamente (0.0011 segundos)
[22/07/2026 17:31:37] Snapshot creado correctamente.
[22/07/2026 17:31:37] Función 'crear_snapshot' ejecutada correctamente (0.0010 segundos)
[22/07/2026 17:31:37] ERROR en 'ejecutar_auditoria': name 'comparar_snapshots' is not defined
[22/07/2026 17:33:06] Snapshot guardado exitosamente en 'snapshot_20260722_173306.json'.
[22/07/2026 17:33:06] Función 'crear_snapshot' ejecutada correctamente (0.0017 segundos)
[22/07/2026 17:33:07] Snapshot guardado exitosamente en 'snapshot_20260722_173307.json'.
[22/07/2026 17:33:07] Función 'crear_snapshot' ejecutada correctamente (0.0015 segundos)
[22/07/2026 17:33:07] Comparación de snapshots realizada.
[22/07/2026 17:33:07] Función 'comparar_snapshots' ejecutada correctamente (0.0003 segundos)
[22/07/2026 17:33:07] Función 'ejecutar_auditoria' ejecutada correctamente (8.6321 segundos)
